[2024-11-18 13:34:04] {"action":"\u0420\u201d\u0420\u00b0\u0420\u00bb\u0420\u00b5\u0420\u00b5"}
040a\u0421\u20ac\u0420\u00b5 50 \u0420\u00bb\u0420\u00b5\u0421\u201a"}
[2024-11-18 13:34:06] {"field":"radio-981","value":"\u0420\u045a\u0420\u00b5\u0420\u0405\u0421\u040a\u0421\u20ac\u0420\u00b5 60 \u0420\u0454\u0420\u0456"}
[2024-11-18 13:34:06] {"field":"radio-981","value":"\u0420\u2018\u0420\u0455\u0420\u00bb\u0421\u040a\u0421\u20ac\u0420\u00b5 90 \u0420\u0454\u0420\u0456"}
[2024-11-18 13:34:06] {"action":"\u0420\u201d\u0420\u00b0\u0420\u00bb\u0420\u00b5\u0420\u00b5"}
[2024-11-18 13:34:07] {"field":"radio-981","value":"\u0420\u045a\u0420\u00b5\u0420\u0405\u0421\u040a\u0421\u20ac\u0420\u00b5 160 \u0421\u0403\u0420\u0458"}
[2024-11-18 13:34:07] {"field":"radio-981","value":"170-180 \u0421\u0403\u0420\u0458"}
[2024-11-18 13:34:08] {"action":"\u0420\u201d\u0420\u00b0\u0420\u00bb\u0420\u00b5\u0420\u00b5"}
[2024-11-18 13:34:09] {"field":"radio-981","value":"\u0420\u0452\u0421\u0402\u0421\u201a\u0421\u0402\u0420\u0451\u0421\u201a"}
[2024-11-18 13:34:09] {"field":"radio-981","value":"\u0420\u045b\u0421\u0403\u0421\u201a\u0420\u00b5\u0420\u0455\u0421\u2026\u0420\u0455\u0420\u0405\u0420\u0491\u0421\u0402\u0420\u0455\u0420\u00b7"}
[2024-11-18 13:34:09] {"action":"\u0420\u201d\u0420\u00b0\u0420\u00bb\u0420\u00b5\u0420\u00b5"}
[2024-11-18 13:34:18] {"field":"text-216","value":"\u0413\u0430\u043d\u0434\u043e\u043d\u0430 \u0418\u0432\u0430\u043d\u043e\u0432\u0430"}
[2024-11-18 13:34:29] {"field":"mask-306","value":"(099)943-24-32"}
[2024-11-18 13:34:30] {"field":"","value":"\u0420\u045b\u0421\u201a\u0420\u0457\u0421\u0402\u0420\u00b0\u0420\u0406\u0420\u0451\u0421\u201a\u0421\u040a"}
[2024-11-18 13:39:50] Field: radio-981, Value: Р‘РѕР»СЊС€Рµ 50 Р»РµС‚
[2024-11-18 13:39:51] Field: radio-981, Value: РњРµРЅСЊС€Рµ 60 РєРі
[2024-11-18 13:39:51] Field: radio-981, Value: Р‘РѕР»СЊС€Рµ 90 РєРі
[2024-11-18 13:39:52] Field: radio-981, Value: РњРµРЅСЊС€Рµ 160 СЃРј
[2024-11-18 13:39:52] Field: radio-981, Value: 160-170 СЃРј
[2024-11-18 13:39:53] Field: radio-981, Value: РђСЂС‚СЂРёС‚
[2024-11-18 13:39:54] Field: radio-981, Value: РђСЂС‚СЂРѕР·
[2024-11-18 13:39:56] Field: text-216, Value: a sdad sad as
[2024-11-18 13:40:05] Field: mask-306, Value: (066)216-12-21
[2024-11-18 13:40:06] Field: , Value: РћС‚РїСЂР°РІРёС‚СЊ
[2024-11-18 13:43:39] Field: radio-981, Value: 41-50 лет
[2024-11-18 13:43:47] Field: radio-981, Value: 41-50 лет
[2024-11-18 13:50:04] Поле: radio-981, Значение: До 30 лет
[2024-11-18 13:50:06] Поле: radio-981, Значение: Меньше 60 кг
[2024-11-18 13:50:07] Поле: radio-981, Значение: Меньше 60 кг
[2024-11-18 13:50:08] Поле: radio-981, Значение: Меньше 160 см
[2024-11-18 13:50:09] Поле: radio-981, Значение: 160-170 см
[2024-11-18 13:50:11] Поле: radio-981, Значение: Артрит
[2024-11-18 13:50:12] Поле: radio-981, Значение: Подагра
[2024-11-18 13:50:12] Поле: radio-981, Значение: Остеохондроз
[2024-11-18 13:50:20] Поле: text-216, Значение: Галына Муссс
[2024-11-18 13:50:33] Поле: mask-306, Значение: (093)212-12-11
[2024-11-18 13:50:35] Поле: , Значение: Отправить
[2024-11-18 13:52:56] Поле: radio-981, Значение: Больше 50 лет
[2024-11-18 13:52:57] Поле: radio-981, Значение: Меньше 60 кг
[2024-11-18 13:52:58] Поле: radio-981, Значение: 80-90 кг
[2024-11-18 13:52:59] Поле: radio-981, Значение: Меньше 160 см
[2024-11-18 13:53:00] Поле: radio-981, Значение: 170-180 см
[2024-11-18 13:53:02] Поле: radio-981, Значение: Артрит
[2024-11-18 13:53:03] Поле: radio-981, Значение: Радикулит
[2024-11-18 13:53:19] Поле: text-216, Значение: MAMA OGRA
[2024-11-18 13:53:23] Поле: mask-306, Значение: (666)666-66-66
[2024-11-18 13:53:25] Поле: , Значение: Отправить
[2024-11-18 13:54:15] Поле: radio-981, Значение: Больше 50 лет
[2024-11-18 13:54:16] Поле: radio-981, Значение: Меньше 60 кг
[2024-11-18 13:54:22] Поле: radio-981, Значение: Меньше 60 кг
[2024-11-18 13:54:23] Поле: radio-981, Значение: 80-90 кг
[2024-11-18 13:54:33] Поле: radio-981, Значение: Меньше 160 см
[2024-11-18 13:54:34] Поле: radio-981, Значение: 170-180 см
[2024-11-18 13:54:49] Поле: radio-981, Значение: 170-180 см
[2024-11-18 14:00:44] Поле: radio-981, Значение: 170-180 см
[2024-11-18 14:00:47] Поле: radio-981, Значение: До 30 лет
[2024-11-18 14:00:48] Поле: radio-981, Значение: 41-50 лет
[2024-11-18 14:00:50] Поле: radio-981, Значение: Меньше 60 кг
[2024-11-18 14:01:05] Поле: radio-981, Значение: Меньше 60 кг
[2024-11-18 14:01:06] Поле: radio-981, Значение: 80-90 кг
[2024-11-18 14:01:07] Поле: radio-981, Значение: Меньше 160 см
[2024-11-18 14:01:08] Поле: radio-981, Значение: 170-180 см
[2024-11-18 14:01:09] Поле: radio-981, Значение: Артрит
[2024-11-18 14:01:10] Поле: radio-981, Значение: Остеохондроз
[2024-11-18 14:01:16] Поле: text-216, Значение: мама ома
[2024-11-18 14:01:20] Поле: mask-306, Значение: (066)121-23-33
[2024-11-18 14:01:22] Поле: , Значение: Отправить
[2024-11-18 14:05:38] Поле: radio-981, Значение: 41-50 лет
[2024-11-18 14:05:39] Поле: radio-981, Значение: Меньше 60 кг
[2024-11-18 14:05:53] Поле: radio-981, Значение: Меньше 60 кг
[2024-11-18 14:05:54] Поле: radio-981, Значение: 80-90 кг
[2024-11-18 14:05:55] Поле: radio-981, Значение: Меньше 160 см
[2024-11-18 14:06:09] Поле: radio-981, Значение: Меньше 160 см
[2024-11-18 14:06:10] Поле: radio-981, Значение: 170-180 см
[2024-11-18 14:06:13] Поле: radio-981, Значение: Артрит
[2024-11-18 14:06:14] Поле: radio-981, Значение: Травмы
[2024-11-18 14:06:15] Поле: text-216, Значение: 
[2024-11-18 14:06:22] Поле: text-216, Значение: Мама суки
[2024-11-18 14:06:24] Поле: mask-306, Значение: (121)212-21-21
[2024-11-18 14:06:25] Поле: , Значение: Отправить
[2024-11-18 14:09:46] Поле: radio-981, Значение: 41-50 лет
[2024-11-18 14:09:47] Поле: radio-981, Значение: Меньше 60 кг
[2024-11-18 14:09:49] Поле: radio-981, Значение: Меньше 60 кг
[2024-11-18 14:09:49] Поле: radio-981, Значение: 80-90 кг
[2024-11-18 14:09:50] Поле: radio-981, Значение: Меньше 160 см
[2024-11-18 14:09:55] Поле: radio-981, Значение: Меньше 160 см
[2024-11-18 14:09:57] Поле: radio-981, Значение: Артрит
[2024-11-18 14:09:58] Поле: radio-981, Значение: Артроз
[2024-11-18 14:09:59] Поле: text-216, Значение: 
[2024-11-18 14:10:08] Поле: text-216, Значение: мама шершня
[2024-11-18 14:10:11] Поле: mask-306, Значение: (123)123-21-32
[2024-11-18 14:10:11] Поле: , Значение: Отправить
[2024-11-18 14:13:35] Поле: radio-981, Значение: 31-40 лет
[2024-11-18 14:13:36] Поле: radio-981, Значение: Меньше 60 кг
[2024-11-18 14:13:38] Поле: radio-981, Значение: Меньше 60 кг
[2024-11-18 14:13:39] Поле: radio-981, Значение: 60-70кг
[2024-11-18 14:13:40] Поле: radio-981, Значение: Меньше 160 см
[2024-11-18 14:13:46] Поле: radio-981, Значение: Меньше 160 см
[2024-11-18 14:13:46] Поле: radio-981, Значение: 170-180 см
[2024-11-18 14:13:47] Поле: radio-981, Значение: Артрит
[2024-11-18 14:13:52] Поле: radio-981, Значение: Артрит
[2024-11-18 14:13:53] Поле: radio-981, Значение: Артрит
[2024-11-18 14:13:54] Поле: text-216, Значение: 
[2024-11-18 14:14:10] Поле: text-216, Значение: 
[2024-11-18 14:14:29] Поле: text-216, Значение: 
[2024-11-18 14:14:32] Поле: radio-981, Значение: До 30 лет
[2024-11-18 14:14:33] Поле: radio-981, Значение: Меньше 60 кг
[2024-11-18 14:14:33] Поле: radio-981, Значение: 80-90 кг
[2024-11-18 14:14:34] Поле: radio-981, Значение: Меньше 160 см
[2024-11-18 14:14:35] Поле: radio-981, Значение: 170-180 см
[2024-11-18 14:14:36] Поле: radio-981, Значение: Артрит
[2024-11-18 14:14:37] Поле: radio-981, Значение: Радикулит
[2024-11-18 14:14:39] Поле: text-216, Значение: 
[2024-11-18 14:14:42] Поле: text-216, Значение: 
[2024-11-18 14:16:43] Поле: text-216, Значение: 
[2024-11-18 14:16:47] Поле: radio-981, Значение: Больше 50 лет
[2024-11-18 14:16:51] Поле: radio-981, Значение: Меньше 60 кг
[2024-11-18 14:16:52] Поле: radio-981, Значение: 80-90 кг
[2024-11-18 14:16:56] Поле: radio-981, Значение: Меньше 160 см
[2024-11-18 14:16:57] Поле: radio-981, Значение: 160-170 см
[2024-11-18 14:17:01] Поле: radio-981, Значение: Артрит
[2024-11-18 14:17:02] Поле: radio-981, Значение: Остеохондроз
[2024-11-18 14:17:09] Поле: text-216, Значение: Наше спасение
[2024-11-18 14:17:15] Поле: mask-306, Значение: (066)212-22-22
[2024-11-18 14:17:17] Поле: , Значение: Отправить
